<?xml version="1.0" encoding="UTF-8"?>
<!-- Generated by org.testng.reporters.JUnitReportReporter -->
<testsuite hostname="LAPTOP-U8O9C2H6" failures="0" tests="7" name="com.TestCases.Login" time="79.987" errors="0" timestamp="2023-03-03T11:17:08 GMT" skipped="0">
  <testcase classname="com.TestCases.Login" name="verifyLoginWithValidCerdentials" time="10.122"/>
  <system-out/>
  <testcase classname="com.TestCases.Login" name="verifyLoginWithValidCerdentials" time="11.490"/>
  <system-out/>
  <testcase classname="com.TestCases.Login" name="verifyLoginWithValidCerdentials" time="10.169"/>
  <system-out/>
  <testcase classname="com.TestCases.Login" name="verifyLoginWithInValidCrendtials" time="13.198"/>
  <system-out/>
  <testcase classname="com.TestCases.Login" name="verifyLoginWithInValidEmailandValidPassword" time="13.922"/>
  <system-out/>
  <testcase classname="com.TestCases.Login" name="verifyLoginWithInPasswordandValidEmail" time="10.305"/>
  <system-out/>
  <testcase classname="com.TestCases.Login" name="verifyLoginWithInValidCredtials" time="10.781"/>
  <system-out/>
</testsuite> <!-- com.TestCases.Login -->
