<?xml version="1.0" encoding="UTF-8"?>
<!-- Generated by org.testng.reporters.JUnitReportReporter -->
<testsuite hostname="LAPTOP-U8O9C2H6" failures="0" tests="1" name="banking_Testcases.TC_Login_0001" time="42.553" errors="0" timestamp="2023-02-20T10:51:27 GMT" skipped="0">
  <testcase classname="banking_Testcases.TC_Login_0001" name="loginTest" time="42.553"/>
  <system-out/>
</testsuite> <!-- banking_Testcases.TC_Login_0001 -->
