<?xml version="1.0" encoding="UTF-8"?>
<!-- Generated by org.testng.reporters.JUnitReportReporter -->
<testsuite hostname="LAPTOP-U8O9C2H6" failures="0" tests="4" name="com.TestCases.Register" time="72.171" errors="0" timestamp="2023-03-03T11:17:08 GMT" skipped="0">
  <testcase classname="com.TestCases.Register" name="verifyRegisterwithManditatoryField" time="24.486"/>
  <system-out/>
  <testcase classname="com.TestCases.Register" name="verifyRegisterProvidingAllField" time="18.641"/>
  <system-out/>
  <testcase classname="com.TestCases.Register" name="verifyExistingEmailAddress" time="13.168"/>
  <system-out/>
  <testcase classname="com.TestCases.Register" name="verifyWithoutEntringMandetoryFileds" time="15.876"/>
  <system-out/>
</testsuite> <!-- com.TestCases.Register -->
