<?xml version="1.0" encoding="UTF-8"?>
<!-- Generated by org.testng.reporters.JUnitReportReporter -->
<testsuite hostname="LAPTOP-U8O9C2H6" failures="0" tests="4" name="com.TestCases.RegisterTest" time="142.298" errors="0" timestamp="2023-03-23T10:38:39 GMT" skipped="0">
  <testcase classname="com.TestCases.RegisterTest" name="verifyRegisterwithManditatoryField" time="36.814"/>
  <system-out/>
  <testcase classname="com.TestCases.RegisterTest" name="verifyRegisterProvidingAllField" time="45.727"/>
  <system-out/>
  <testcase classname="com.TestCases.RegisterTest" name="verifyExistingEmailAddress" time="28.850"/>
  <system-out/>
  <testcase classname="com.TestCases.RegisterTest" name="verifyWithoutEntringMandetoryFileds" time="30.907"/>
  <system-out/>
</testsuite> <!-- com.TestCases.RegisterTest -->
