<?xml version="1.0" encoding="UTF-8"?>
<!-- Generated by org.testng.reporters.JUnitReportReporter -->
<testsuite hostname="LAPTOP-U8O9C2H6" failures="0" tests="7" name="com.TestCases.LoginTest" time="177.035" errors="0" timestamp="2023-03-23T10:38:39 GMT" skipped="0">
  <testcase classname="com.TestCases.LoginTest" name="verifyLoginWithValidCerdentials" time="26.750"/>
  <system-out/>
  <testcase classname="com.TestCases.LoginTest" name="verifyLoginWithValidCerdentials" time="23.116"/>
  <system-out/>
  <testcase classname="com.TestCases.LoginTest" name="verifyLoginWithValidCerdentials" time="26.177"/>
  <system-out/>
  <testcase classname="com.TestCases.LoginTest" name="verifyLoginWithInValidCrendtials" time="20.787"/>
  <system-out/>
  <testcase classname="com.TestCases.LoginTest" name="verifyLoginWithInValidEmailandValidPassword" time="20.776"/>
  <system-out/>
  <testcase classname="com.TestCases.LoginTest" name="verifyLoginWithInPasswordandValidEmail" time="36.128"/>
  <system-out/>
  <testcase classname="com.TestCases.LoginTest" name="verifyLoginWithInValidCredtials" time="23.301"/>
  <system-out/>
</testsuite> <!-- com.TestCases.LoginTest -->
