<?xml version="1.0" encoding="UTF-8"?>
<!-- Generated by org.testng.reporters.JUnitReportReporter -->
<testsuite hostname="LAPTOP-U8O9C2H6" failures="0" tests="3" name="com.TestCases.SearchTest" time="39.155" errors="0" timestamp="2023-03-23T10:55:31 GMT" skipped="0">
  <testcase classname="com.TestCases.SearchTest" name="verifySearchWithValidProduct" time="15.887"/>
  <system-out/>
  <testcase classname="com.TestCases.SearchTest" name="verifySearchWithInvalidProduct" time="11.958"/>
  <system-out/>
  <testcase classname="com.TestCases.SearchTest" name="verifySearchwithAnyProduct" time="11.310"/>
  <system-out/>
</testsuite> <!-- com.TestCases.SearchTest -->
